Debug|Reading config...
Debug|Reading referenced images from 'D:\MiBandWFTool_2.1.5\mortal_pt'
Trace|Loading resources for 2 'Background'
Trace|Loading resources for 2.1 'ImageBasic'
Trace|Loading image 0...
Trace|Image was loaded from file D:\MiBandWFTool_2.1.5\mortal_pt\0000.png
Trace|Loading resources for 2.3 'ImageBasic'
Trace|Loading image 31...
Trace|Image was loaded from file D:\MiBandWFTool_2.1.5\mortal_pt\0031.png
Trace|Loading resources for 3 'Time'
Trace|Loading resources for 3.1 'TwoDigits'
Trace|Loading resources for 3.1.1 'ImageSet'
Trace|Loading image 1...
Trace|Image was loaded from file D:\MiBandWFTool_2.1.5\mortal_pt\0001.png
Trace|Loading image 2...
Trace|Image was loaded from file D:\MiBandWFTool_2.1.5\mortal_pt\0002.png
Trace|Loading image 3...
Trace|Image was loaded from file D:\MiBandWFTool_2.1.5\mortal_pt\0003.png
Trace|Loading image 4...
Trace|Image was loaded from file D:\MiBandWFTool_2.1.5\mortal_pt\0004.png
Trace|Loading image 5...
Trace|Image was loaded from file D:\MiBandWFTool_2.1.5\mortal_pt\0005.png
Trace|Loading image 6...
Trace|Image was loaded from file D:\MiBandWFTool_2.1.5\mortal_pt\0006.png
Trace|Loading image 7...
Trace|Image was loaded from file D:\MiBandWFTool_2.1.5\mortal_pt\0007.png
Trace|Loading image 8...
Trace|Image was loaded from file D:\MiBandWFTool_2.1.5\mortal_pt\0008.png
Trace|Loading image 9...
Trace|Image was loaded from file D:\MiBandWFTool_2.1.5\mortal_pt\0009.png
Trace|Loading image 10...
Trace|Image was loaded from file D:\MiBandWFTool_2.1.5\mortal_pt\0010.png
Trace|Loading resources for 3.1.2 'ImageSet'
Trace|Loading resources for 3.2 'TwoDigits'
Trace|Loading resources for 3.2.1 'ImageSet'
Trace|Loading resources for 3.2.2 'ImageSet'
Trace|Loading resources for 4 'Activity'
Trace|Loading resources for 4.4 'PulseWrapper'
Trace|Loading resources for 4.4.1 'Number'
Trace|Loading resources for 4.4.1.5 'TextAlignment'
Trace|Loading image 42...
Trace|Image was loaded from file D:\MiBandWFTool_2.1.5\mortal_pt\0042.png
Trace|Loading image 43...
Trace|Image was loaded from file D:\MiBandWFTool_2.1.5\mortal_pt\0043.png
Trace|Loading image 44...
Trace|Image was loaded from file D:\MiBandWFTool_2.1.5\mortal_pt\0044.png
Trace|Loading image 45...
Trace|Image was loaded from file D:\MiBandWFTool_2.1.5\mortal_pt\0045.png
Trace|Loading image 46...
Trace|Image was loaded from file D:\MiBandWFTool_2.1.5\mortal_pt\0046.png
Trace|Loading image 47...
Trace|Image was loaded from file D:\MiBandWFTool_2.1.5\mortal_pt\0047.png
Trace|Loading image 48...
Trace|Image was loaded from file D:\MiBandWFTool_2.1.5\mortal_pt\0048.png
Trace|Loading image 49...
Trace|Image was loaded from file D:\MiBandWFTool_2.1.5\mortal_pt\0049.png
Trace|Loading image 50...
Trace|Image was loaded from file D:\MiBandWFTool_2.1.5\mortal_pt\0050.png
Trace|Loading image 51...
Trace|Image was loaded from file D:\MiBandWFTool_2.1.5\mortal_pt\0051.png
Trace|Loading image 63...
Trace|Image was loaded from file D:\MiBandWFTool_2.1.5\mortal_pt\0063.png
Trace|Loading resources for 5 'Date'
Trace|Loading resources for 5.1 'MonthAndDayAndYear'
Trace|Loading resources for 5.1.1 'SeparateMonthAndDay'
Trace|Loading resources for 5.1.1.1 'Number'
Trace|Loading resources for 5.1.1.1.5 'TextAlignment'
Trace|Loading image 11...
Trace|Image was loaded from file D:\MiBandWFTool_2.1.5\mortal_pt\0011.png
Trace|Loading image 12...
Trace|Image was loaded from file D:\MiBandWFTool_2.1.5\mortal_pt\0012.png
Trace|Loading image 13...
Trace|Image was loaded from file D:\MiBandWFTool_2.1.5\mortal_pt\0013.png
Trace|Loading image 14...
Trace|Image was loaded from file D:\MiBandWFTool_2.1.5\mortal_pt\0014.png
Trace|Loading image 15...
Trace|Image was loaded from file D:\MiBandWFTool_2.1.5\mortal_pt\0015.png
Trace|Loading image 16...
Trace|Image was loaded from file D:\MiBandWFTool_2.1.5\mortal_pt\0016.png
Trace|Loading image 17...
Trace|Image was loaded from file D:\MiBandWFTool_2.1.5\mortal_pt\0017.png
Trace|Loading image 18...
Trace|Image was loaded from file D:\MiBandWFTool_2.1.5\mortal_pt\0018.png
Trace|Loading image 19...
Trace|Image was loaded from file D:\MiBandWFTool_2.1.5\mortal_pt\0019.png
Trace|Loading image 20...
Trace|Image was loaded from file D:\MiBandWFTool_2.1.5\mortal_pt\0020.png
Trace|Loading resources for 5.1.1.4 'Number'
Trace|Loading resources for 5.1.1.4.5 'TextAlignment'
Trace|Loading resources for 5.1.4 'Boolean'
Trace|Loading resources for 5.1.5 'Boolean'
Trace|Loading resources for 5.4 'ImageSet'
Trace|Loading image 32...
Trace|Image was loaded from file D:\MiBandWFTool_2.1.5\mortal_pt\0032.png
Trace|Loading image 33...
Trace|Image was loaded from file D:\MiBandWFTool_2.1.5\mortal_pt\0033.png
Trace|Loading image 34...
Trace|Image was loaded from file D:\MiBandWFTool_2.1.5\mortal_pt\0034.png
Trace|Loading image 35...
Trace|Image was loaded from file D:\MiBandWFTool_2.1.5\mortal_pt\0035.png
Trace|Loading image 36...
Trace|Image was loaded from file D:\MiBandWFTool_2.1.5\mortal_pt\0036.png
Trace|Loading image 37...
Trace|Image was loaded from file D:\MiBandWFTool_2.1.5\mortal_pt\0037.png
Trace|Loading image 38...
Trace|Image was loaded from file D:\MiBandWFTool_2.1.5\mortal_pt\0038.png
Trace|Loading resources for 8 'Status'
Trace|Loading resources for 8.1 'Switch'
Trace|Loading resources for 8.1.1 'XY'
Trace|Loading image 40...
Trace|Image was loaded from file D:\MiBandWFTool_2.1.5\mortal_pt\0040.png
Trace|Loading resources for 8.2 'Switch'
Trace|Loading resources for 8.2.1 'XY'
Trace|Loading image 41...
Trace|Image was loaded from file D:\MiBandWFTool_2.1.5\mortal_pt\0041.png
Trace|Loading resources for 8.3 'Switch'
Trace|Loading resources for 8.3.1 'XY'
Trace|Loading image 39...
Trace|Image was loaded from file D:\MiBandWFTool_2.1.5\mortal_pt\0039.png
Trace|Loading resources for 9 'Battery'
Trace|Loading resources for 9.1 'BatteryTextWrapper'
Trace|Loading resources for 9.1.1 'Number'
Trace|Loading resources for 9.1.1.5 'TextAlignment'
Trace|Loading image 52...
Trace|Image was loaded from file D:\MiBandWFTool_2.1.5\mortal_pt\0052.png
Trace|Loading resources for 11 'Other'
Trace|Loading resources for 11.1 'Animation'
Trace|Loading resources for 11.1.1 'ImageSet'
Trace|Loading image 100...
Trace|Image was loaded from file D:\MiBandWFTool_2.1.5\mortal_pt\0100.png
Trace|Loading image 101...
Trace|Image was loaded from file D:\MiBandWFTool_2.1.5\mortal_pt\0101.png
Trace|Loading image 102...
Trace|Image was loaded from file D:\MiBandWFTool_2.1.5\mortal_pt\0102.png
Trace|Loading image 103...
Trace|Image was loaded from file D:\MiBandWFTool_2.1.5\mortal_pt\0103.png
Trace|Loading image 104...
Trace|Image was loaded from file D:\MiBandWFTool_2.1.5\mortal_pt\0104.png
Trace|Loading image 105...
Trace|Image was loaded from file D:\MiBandWFTool_2.1.5\mortal_pt\0105.png
Trace|Loading image 106...
Trace|Image was loaded from file D:\MiBandWFTool_2.1.5\mortal_pt\0106.png
Trace|Loading image 107...
Trace|Image was loaded from file D:\MiBandWFTool_2.1.5\mortal_pt\0107.png
Trace|Loading image 108...
Trace|Image was loaded from file D:\MiBandWFTool_2.1.5\mortal_pt\0108.png
Trace|Loading image 109...
Trace|Image was loaded from file D:\MiBandWFTool_2.1.5\mortal_pt\0109.png
Trace|Loading image 110...
Trace|Image was loaded from file D:\MiBandWFTool_2.1.5\mortal_pt\0110.png
Trace|Loading image 111...
Trace|Image was loaded from file D:\MiBandWFTool_2.1.5\mortal_pt\0111.png
Trace|Loading image 112...
Trace|Image was loaded from file D:\MiBandWFTool_2.1.5\mortal_pt\0112.png
Trace|Loading image 113...
Trace|Image was loaded from file D:\MiBandWFTool_2.1.5\mortal_pt\0113.png
Trace|Loading image 114...
Trace|Image was loaded from file D:\MiBandWFTool_2.1.5\mortal_pt\0114.png
Trace|Loading image 115...
Trace|Image was loaded from file D:\MiBandWFTool_2.1.5\mortal_pt\0115.png
Trace|Loading image 116...
Trace|Image was loaded from file D:\MiBandWFTool_2.1.5\mortal_pt\0116.png
Trace|Loading image 117...
Trace|Image was loaded from file D:\MiBandWFTool_2.1.5\mortal_pt\0117.png
Trace|Loading image 118...
Trace|Image was loaded from file D:\MiBandWFTool_2.1.5\mortal_pt\0118.png
Trace|Loading image 119...
Trace|Image was loaded from file D:\MiBandWFTool_2.1.5\mortal_pt\0119.png
Trace|Loading image 120...
Trace|Image was loaded from file D:\MiBandWFTool_2.1.5\mortal_pt\0120.png
Trace|Loading image 121...
Trace|Image was loaded from file D:\MiBandWFTool_2.1.5\mortal_pt\0121.png
Trace|Loading image 122...
Trace|Image was loaded from file D:\MiBandWFTool_2.1.5\mortal_pt\0122.png
Trace|Loading image 123...
Trace|Image was loaded from file D:\MiBandWFTool_2.1.5\mortal_pt\0123.png
Trace|Verifiying Resources...
Trace|Order change, moving31 to 21
Trace|Order change, moving32 to 22
Trace|Order change, moving33 to 23
Trace|Order change, moving34 to 24
Trace|Order change, moving35 to 25
Trace|Order change, moving36 to 26
Trace|Order change, moving37 to 27
Trace|Order change, moving38 to 28
Trace|Order change, moving39 to 29
Trace|Order change, moving40 to 30
Trace|Order change, moving41 to 31
Trace|Order change, moving42 to 32
Trace|Order change, moving43 to 33
Trace|Order change, moving44 to 34
Trace|Order change, moving45 to 35
Trace|Order change, moving46 to 36
Trace|Order change, moving47 to 37
Trace|Order change, moving48 to 38
Trace|Order change, moving49 to 39
Trace|Order change, moving50 to 40
Trace|Order change, moving51 to 41
Trace|Order change, moving52 to 42
Trace|Order change, moving63 to 43
Trace|Order change, moving100 to 44
Trace|Order change, moving101 to 45
Trace|Order change, moving102 to 46
Trace|Order change, moving103 to 47
Trace|Order change, moving104 to 48
Trace|Order change, moving105 to 49
Trace|Order change, moving106 to 50
Trace|Order change, moving107 to 51
Trace|Order change, moving108 to 52
Trace|Order change, moving109 to 53
Trace|Order change, moving110 to 54
Trace|Order change, moving111 to 55
Trace|Order change, moving112 to 56
Trace|Order change, moving113 to 57
Trace|Order change, moving114 to 58
Trace|Order change, moving115 to 59
Trace|Order change, moving116 to 60
Trace|Order change, moving117 to 61
Trace|Order change, moving118 to 62
Trace|Order change, moving119 to 63
Trace|Order change, moving120 to 64
Trace|Order change, moving121 to 65
Trace|Order change, moving122 to 66
Trace|Order change, moving123 to 67
Trace|Building parameters for watch face...
Trace|2.1.1 'X': 0
Trace|2.1.2 'Y': 0
Trace|2.1.3 'ImageIndex': 0
Trace|2.1 'Image'
Trace|2.3.1 'X': 18
Trace|2.3.2 'Y': 17
Trace|2.3.3 'ImageIndex': 21
Trace|2.3 'Preview1'
Trace|2 'Background'
Trace|3.1.1.1 'X': 7
Trace|3.1.1.2 'Y': 7
Trace|3.1.1.3 'ImageIndex': 1
Trace|3.1.1.4 'ImagesCount': 10
Trace|3.1.1 'Tens'
Trace|3.1.2.1 'X': 32
Trace|3.1.2.2 'Y': 7
Trace|3.1.2.3 'ImageIndex': 1
Trace|3.1.2.4 'ImagesCount': 10
Trace|3.1.2 'Ones'
Trace|3.1 'Hours'
Trace|3.2.1.1 'X': 70
Trace|3.2.1.2 'Y': 7
Trace|3.2.1.3 'ImageIndex': 1
Trace|3.2.1.4 'ImagesCount': 10
Trace|3.2.1 'Tens'
Trace|3.2.2.1 'X': 95
Trace|3.2.2.2 'Y': 7
Trace|3.2.2.3 'ImageIndex': 1
Trace|3.2.2.4 'ImagesCount': 10
Trace|3.2.2 'Ones'
Trace|3.2 'Minutes'
Trace|3.11 'UnknownV11': 0
Trace|3 'Time'
Trace|4.4.1.1 'TopLeftX': 1
Trace|4.4.1.2 'TopLeftY': 244
Trace|4.4.1.3 'BottomRightX': 19
Trace|4.4.1.4 'BottomRightY': 266
Trace|4.4.1.5 'Alignment': 72
Trace|4.4.1.6 'SpacingX': -1
Trace|4.4.1.7 'SpacingY': 0
Trace|4.4.1.8 'ImageIndex': 32
Trace|4.4.1.9 'ImagesCount': 10
Trace|4.4.1 'Number'
Trace|4.4.3 'NoDataImageIndex': 43
Trace|4.4 'Pulse'
Trace|4.7 'UnknownV7': 0
Trace|4 'Activity'
Trace|5.1.1.1.1 'TopLeftX': 103
Trace|5.1.1.1.2 'TopLeftY': 89
Trace|5.1.1.1.3 'BottomRightX': 132
Trace|5.1.1.1.4 'BottomRightY': 111
Trace|5.1.1.1.5 'Alignment': 18
Trace|5.1.1.1.6 'SpacingX': -6
Trace|5.1.1.1.7 'SpacingY': 22
Trace|5.1.1.1.8 'ImageIndex': 11
Trace|5.1.1.1.9 'ImagesCount': 10
Trace|5.1.1.1 'Month'
Trace|5.1.1.4.1 'TopLeftX': 73
Trace|5.1.1.4.2 'TopLeftY': 67
Trace|5.1.1.4.3 'BottomRightX': 102
Trace|5.1.1.4.4 'BottomRightY': 89
Trace|5.1.1.4.5 'Alignment': 4
Trace|5.1.1.4.6 'SpacingX': 1
Trace|5.1.1.4.7 'SpacingY': 8
Trace|5.1.1.4.8 'ImageIndex': 11
Trace|5.1.1.4.9 'ImagesCount': 10
Trace|5.1.1.4 'Day'
Trace|5.1.1 'Separate'
Trace|5.1.4 'TwoDigitsMonth': 1
Trace|5.1.5 'TwoDigitsDay': 1
Trace|5.1 'MonthAndDayAndYear'
Trace|5.4.1 'X': 26
Trace|5.4.2 'Y': 150
Trace|5.4.3 'ImageIndex': 22
Trace|5.4.4 'ImagesCount': 7
Trace|5.4 'ENWeekDays'
Trace|5 'Date'
Trace|8.1.1.1 'X': 34
Trace|8.1.1.2 'Y': 65
Trace|8.1.1 'Coordinates'
Trace|8.1.2 'ImageIndexOn': 30
Trace|8.1 'DoNotDisturb'
Trace|8.2.1.1 'X': 50
Trace|8.2.1.2 'Y': 65
Trace|8.2.1 'Coordinates'
Trace|8.2.3 'ImageIndexOff': 31
Trace|8.2 'Lock'
Trace|8.3.1.1 'X': 2
Trace|8.3.1.2 'Y': 76
Trace|8.3.1 'Coordinates'
Trace|8.3.3 'ImageIndexOff': 29
Trace|8.3 'Bluetooth'
Trace|8 'Status'
Trace|9.1.1.1 'TopLeftX': 98
Trace|9.1.1.2 'TopLeftY': 175
Trace|9.1.1.3 'BottomRightX': 126
Trace|9.1.1.4 'BottomRightY': 193
Trace|9.1.1.5 'Alignment': 4
Trace|9.1.1.6 'SpacingX': 1
Trace|9.1.1.7 'SpacingY': 6
Trace|9.1.1.8 'ImageIndex': 32
Trace|9.1.1.9 'ImagesCount': 10
Trace|9.1.1 'Coordinates'
Trace|9.1.4 'SuffixImageIndex': 42
Trace|9.1 'BatteryText'
Trace|9 'Battery'
Trace|11.1 'Animation'
Trace|11.1.1.1 'X': 61
Trace|11.1.1.2 'Y': 105
Trace|11.1.1.3 'ImageIndex': 44
Trace|11.1.1.4 'ImagesCount': 24
Trace|11.1.1 'AnimationImages'
Trace|11.1.2 'Speed': 200
Trace|11.1.3 'RepeatCount': 0
Trace|11.1.4 'UnknownTF4': 1
Trace|11 'Other'
Debug|Generating previews...
Debug|Writing watch face to 'D:\MiBandWFTool_2.1.5\mortal_pt\mortal_packed.bin'
Trace|Encoding parameters...
Trace|Parameter: 2
Trace|1 (0A):
Trace|    1 (08): 0 (00)
Trace|    2 (10): 0 (00)
Trace|    3 (18): 0 (00)
Trace|8 bytes
Trace|3 (1A):
Trace|    1 (08): 18 (12)
Trace|    2 (10): 17 (11)
Trace|    3 (18): 21 (15)
Trace|8 bytes
Trace|Parameter: 3
Trace|1 (0A):
Trace|    1 (0A):
Trace|        1 (08): 7 (07)
Trace|        2 (10): 7 (07)
Trace|        3 (18): 1 (01)
Trace|        4 (20): 10 (0A)
Trace|    10 bytes
Trace|    2 (12):
Trace|        1 (08): 32 (20)
Trace|        2 (10): 7 (07)
Trace|        3 (18): 1 (01)
Trace|        4 (20): 10 (0A)
Trace|    10 bytes
Trace|22 bytes
Trace|2 (12):
Trace|    1 (0A):
Trace|        1 (08): 70 (46)
Trace|        2 (10): 7 (07)
Trace|        3 (18): 1 (01)
Trace|        4 (20): 10 (0A)
Trace|    10 bytes
Trace|    2 (12):
Trace|        1 (08): 95 (5F)
Trace|        2 (10): 7 (07)
Trace|        3 (18): 1 (01)
Trace|        4 (20): 10 (0A)
Trace|    10 bytes
Trace|22 bytes
Trace|11 (58): 0 (00)
Trace|Parameter: 4
Trace|4 (22):
Trace|    1 (0A):
Trace|        1 (08): 1 (01)
Trace|        2 (10): 244 (F4)
Trace|        3 (18): 19 (13)
Trace|        4 (20): 266 (10A)
Trace|        5 (28): 72 (48)
Trace|        6 (30): -1 (FFFFFFFFFFFFFFFF)
Trace|        7 (38): 0 (00)
Trace|        8 (40): 32 (20)
Trace|        9 (48): 10 (0A)
Trace|    31 bytes
Trace|    3 (18): 43 (2B)
Trace|35 bytes
Trace|7 (38): 0 (00)
Trace|Parameter: 5
Trace|1 (0A):
Trace|    1 (0A):
Trace|        1 (0A):
Trace|            1 (08): 103 (67)
Trace|            2 (10): 89 (59)
Trace|            3 (18): 132 (84)
Trace|            4 (20): 111 (6F)
Trace|            5 (28): 18 (12)
Trace|            6 (30): -6 (FFFFFFFFFFFFFFFA)
Trace|            7 (38): 22 (16)
Trace|            8 (40): 11 (0B)
Trace|            9 (48): 10 (0A)
Trace|        30 bytes
Trace|        4 (22):
Trace|            1 (08): 73 (49)
Trace|            2 (10): 67 (43)
Trace|            3 (18): 102 (66)
Trace|            4 (20): 89 (59)
Trace|            5 (28): 4 (04)
Trace|            6 (30): 1 (01)
Trace|            7 (38): 8 (08)
Trace|            8 (40): 11 (0B)
Trace|            9 (48): 10 (0A)
Trace|        20 bytes
Trace|    52 bytes
Trace|    4 (20): 1 (01)
Trace|    5 (28): 1 (01)
Trace|58 bytes
Trace|4 (22):
Trace|    1 (08): 26 (1A)
Trace|    2 (10): 150 (96)
Trace|    3 (18): 22 (16)
Trace|    4 (20): 7 (07)
Trace|11 bytes
Trace|Parameter: 8
Trace|1 (0A):
Trace|    1 (0A):
Trace|        1 (08): 34 (22)
Trace|        2 (10): 65 (41)
Trace|    6 bytes
Trace|    2 (10): 30 (1E)
Trace|10 bytes
Trace|2 (12):
Trace|    1 (0A):
Trace|        1 (08): 50 (32)
Trace|        2 (10): 65 (41)
Trace|    6 bytes
Trace|    3 (18): 31 (1F)
Trace|10 bytes
Trace|3 (1A):
Trace|    1 (0A):
Trace|        1 (08): 2 (02)
Trace|        2 (10): 76 (4C)
Trace|    6 bytes
Trace|    3 (18): 29 (1D)
Trace|10 bytes
Trace|Parameter: 9
Trace|1 (0A):
Trace|    1 (0A):
Trace|        1 (08): 98 (62)
Trace|        2 (10): 175 (AF)
Trace|        3 (18): 126 (7E)
Trace|        4 (20): 193 (C1)
Trace|        5 (28): 4 (04)
Trace|        6 (30): 1 (01)
Trace|        7 (38): 6 (06)
Trace|        8 (40): 32 (20)
Trace|        9 (48): 10 (0A)
Trace|    22 bytes
Trace|    4 (20): 42 (2A)
Trace|26 bytes
Trace|Parameter: 11
Trace|1 (0A):
Trace|    1 (0A):
Trace|        1 (08): 61 (3D)
Trace|        2 (10): 105 (69)
Trace|        3 (18): 44 (2C)
Trace|        4 (20): 24 (18)
Trace|    10 bytes
Trace|    2 (10): 200 (C8)
Trace|    3 (18): 0 (00)
Trace|    4 (20): 1 (01)
Trace|19 bytes
Trace|Encoding offsets and lengths...
Trace|1 (0A):
Trace|    1 (08): 243 (F3)
Trace|    2 (10): 68 (44)
Trace|7 bytes
Trace|2 (12):
Trace|    1 (08): 0 (00)
Trace|    2 (10): 16 (10)
Trace|6 bytes
Trace|3 (1A):
Trace|    1 (08): 16 (10)
Trace|    2 (10): 46 (2E)
Trace|6 bytes
Trace|4 (22):
Trace|    1 (08): 62 (3E)
Trace|    2 (10): 37 (25)
Trace|6 bytes
Trace|5 (2A):
Trace|    1 (08): 99 (63)
Trace|    2 (10): 69 (45)
Trace|6 bytes
Trace|8 (42):
Trace|    1 (08): 168 (A8)
Trace|    2 (10): 30 (1E)
Trace|7 bytes
Trace|9 (4A):
Trace|    1 (08): 198 (C6)
Trace|    2 (10): 26 (1A)
Trace|7 bytes
Trace|11 (5A):
Trace|    1 (08): 224 (E0)
Trace|    2 (10): 19 (13)
Trace|7 bytes
Trace|Writing header...
Trace|Writing parameters offsets and lengths...
Trace|Writing parameters...
Trace|Writing images...
Trace|Resource 0 offset is 0...
Debug|Encoding resource 0...
Trace|Writing image in Raw mode
Trace|No Transparency image...
Trace|Writing image header...
Trace|Width: 126, Height: 294, RowLength: 252
Trace|BPP: 16, PaletteColors: 0, Transaparency: 0
Trace|Writing image...
Trace|Resource 1 offset is 74104...
Debug|Encoding resource 1...
Trace|Writing image in Raw mode
Trace|No Transparency image...
Trace|Writing image header...
Trace|Width: 24, Height: 38, RowLength: 48
Trace|BPP: 16, PaletteColors: 0, Transaparency: 0
Trace|Writing image...
Trace|Resource 2 offset is 75944...
Debug|Encoding resource 2...
Trace|Writing image in Raw mode
Trace|No Transparency image...
Trace|Writing image header...
Trace|Width: 24, Height: 38, RowLength: 48
Trace|BPP: 16, PaletteColors: 0, Transaparency: 0
Trace|Writing image...
Trace|Resource 3 offset is 77784...
Debug|Encoding resource 3...
Trace|Writing image in Raw mode
Trace|No Transparency image...
Trace|Writing image header...
Trace|Width: 24, Height: 38, RowLength: 48
Trace|BPP: 16, PaletteColors: 0, Transaparency: 0
Trace|Writing image...
Trace|Resource 4 offset is 79624...
Debug|Encoding resource 4...
Trace|Writing image in Raw mode
Trace|No Transparency image...
Trace|Writing image header...
Trace|Width: 24, Height: 38, RowLength: 48
Trace|BPP: 16, PaletteColors: 0, Transaparency: 0
Trace|Writing image...
Trace|Resource 5 offset is 81464...
Debug|Encoding resource 5...
Trace|Writing image in Raw mode
Trace|No Transparency image...
Trace|Writing image header...
Trace|Width: 24, Height: 38, RowLength: 48
Trace|BPP: 16, PaletteColors: 0, Transaparency: 0
Trace|Writing image...
Trace|Resource 6 offset is 83304...
Debug|Encoding resource 6...
Trace|Writing image in Raw mode
Trace|No Transparency image...
Trace|Writing image header...
Trace|Width: 24, Height: 38, RowLength: 48
Trace|BPP: 16, PaletteColors: 0, Transaparency: 0
Trace|Writing image...
Trace|Resource 7 offset is 85144...
Debug|Encoding resource 7...
Trace|Writing image in Raw mode
Trace|No Transparency image...
Trace|Writing image header...
Trace|Width: 24, Height: 38, RowLength: 48
Trace|BPP: 16, PaletteColors: 0, Transaparency: 0
Trace|Writing image...
Trace|Resource 8 offset is 86984...
Debug|Encoding resource 8...
Trace|Writing image in Raw mode
Trace|No Transparency image...
Trace|Writing image header...
Trace|Width: 24, Height: 38, RowLength: 48
Trace|BPP: 16, PaletteColors: 0, Transaparency: 0
Trace|Writing image...
Trace|Resource 9 offset is 88824...
Debug|Encoding resource 9...
Trace|Writing image in Raw mode
Trace|No Transparency image...
Trace|Writing image header...
Trace|Width: 24, Height: 38, RowLength: 48
Trace|BPP: 16, PaletteColors: 0, Transaparency: 0
Trace|Writing image...
Trace|Resource 10 offset is 90664...
Debug|Encoding resource 10...
Trace|Writing image in Raw mode
Trace|No Transparency image...
Trace|Writing image header...
Trace|Width: 24, Height: 38, RowLength: 48
Trace|BPP: 16, PaletteColors: 0, Transaparency: 0
Trace|Writing image...
Trace|Resource 11 offset is 92504...
Debug|Encoding resource 11...
Trace|Writing image in Raw mode
Trace|Transparency image...
Trace|Writing image header...
Trace|Width: 14, Height: 21, RowLength: 42
Trace|BPP: 24, PaletteColors: 0, Transaparency: 0
Trace|Resource 12 offset is 93402...
Debug|Encoding resource 12...
Trace|Writing image in Raw mode
Trace|Transparency image...
Trace|Writing image header...
Trace|Width: 14, Height: 21, RowLength: 42
Trace|BPP: 24, PaletteColors: 0, Transaparency: 0
Trace|Resource 13 offset is 94300...
Debug|Encoding resource 13...
Trace|Writing image in Raw mode
Trace|Transparency image...
Trace|Writing image header...
Trace|Width: 14, Height: 21, RowLength: 42
Trace|BPP: 24, PaletteColors: 0, Transaparency: 0
Trace|Resource 14 offset is 95198...
Debug|Encoding resource 14...
Trace|Writing image in Raw mode
Trace|Transparency image...
Trace|Writing image header...
Trace|Width: 14, Height: 21, RowLength: 42
Trace|BPP: 24, PaletteColors: 0, Transaparency: 0
Trace|Resource 15 offset is 96096...
Debug|Encoding resource 15...
Trace|Writing image in Raw mode
Trace|Transparency image...
Trace|Writing image header...
Trace|Width: 14, Height: 21, RowLength: 42
Trace|BPP: 24, PaletteColors: 0, Transaparency: 0
Trace|Resource 16 offset is 96994...
Debug|Encoding resource 16...
Trace|Writing image in Raw mode
Trace|Transparency image...
Trace|Writing image header...
Trace|Width: 14, Height: 21, RowLength: 42
Trace|BPP: 24, PaletteColors: 0, Transaparency: 0
Trace|Resource 17 offset is 97892...
Debug|Encoding resource 17...
Trace|Writing image in Raw mode
Trace|Transparency image...
Trace|Writing image header...
Trace|Width: 14, Height: 21, RowLength: 42
Trace|BPP: 24, PaletteColors: 0, Transaparency: 0
Trace|Resource 18 offset is 98790...
Debug|Encoding resource 18...
Trace|Writing image in Raw mode
Trace|Transparency image...
Trace|Writing image header...
Trace|Width: 14, Height: 21, RowLength: 42
Trace|BPP: 24, PaletteColors: 0, Transaparency: 0
Trace|Resource 19 offset is 99688...
Debug|Encoding resource 19...
Trace|Writing image in Raw mode
Trace|Transparency image...
Trace|Writing image header...
Trace|Width: 14, Height: 21, RowLength: 42
Trace|BPP: 24, PaletteColors: 0, Transaparency: 0
Trace|Resource 20 offset is 100586...
Debug|Encoding resource 20...
Trace|Writing image in Raw mode
Trace|Transparency image...
Trace|Writing image header...
Trace|Width: 14, Height: 21, RowLength: 42
Trace|BPP: 24, PaletteColors: 0, Transaparency: 0
Trace|Resource 21 offset is 101484...
Debug|Encoding resource 21...
Trace|Writing image in Raw mode
Trace|No Transparency image...
Trace|Writing image header...
Trace|Width: 90, Height: 210, RowLength: 180
Trace|BPP: 16, PaletteColors: 0, Transaparency: 0
Trace|Writing image...
Trace|Resource 22 offset is 139300...
Debug|Encoding resource 22...
Trace|Writing image in Raw mode
Trace|Transparency image...
Trace|Writing image header...
Trace|Width: 46, Height: 25, RowLength: 138
Trace|BPP: 24, PaletteColors: 0, Transaparency: 0
Trace|Resource 23 offset is 142766...
Debug|Encoding resource 23...
Trace|Writing image in Raw mode
Trace|Transparency image...
Trace|Writing image header...
Trace|Width: 46, Height: 25, RowLength: 138
Trace|BPP: 24, PaletteColors: 0, Transaparency: 0
Trace|Resource 24 offset is 146232...
Debug|Encoding resource 24...
Trace|Writing image in Raw mode
Trace|Transparency image...
Trace|Writing image header...
Trace|Width: 46, Height: 25, RowLength: 138
Trace|BPP: 24, PaletteColors: 0, Transaparency: 0
Trace|Resource 25 offset is 149698...
Debug|Encoding resource 25...
Trace|Writing image in Raw mode
Trace|Transparency image...
Trace|Writing image header...
Trace|Width: 46, Height: 25, RowLength: 138
Trace|BPP: 24, PaletteColors: 0, Transaparency: 0
Trace|Resource 26 offset is 153164...
Debug|Encoding resource 26...
Trace|Writing image in Raw mode
Trace|Transparency image...
Trace|Writing image header...
Trace|Width: 46, Height: 25, RowLength: 138
Trace|BPP: 24, PaletteColors: 0, Transaparency: 0
Trace|Resource 27 offset is 156630...
Debug|Encoding resource 27...
Trace|Writing image in Raw mode
Trace|Transparency image...
Trace|Writing image header...
Trace|Width: 46, Height: 25, RowLength: 138
Trace|BPP: 24, PaletteColors: 0, Transaparency: 0
Trace|Resource 28 offset is 160096...
Debug|Encoding resource 28...
Trace|Writing image in Raw mode
Trace|Transparency image...
Trace|Writing image header...
Trace|Width: 46, Height: 25, RowLength: 138
Trace|BPP: 24, PaletteColors: 0, Transaparency: 0
Trace|Resource 29 offset is 163562...
Debug|Encoding resource 29...
Trace|Writing image in Raw mode
Trace|No Transparency image...
Trace|Writing image header...
Trace|Width: 12, Height: 12, RowLength: 24
Trace|BPP: 16, PaletteColors: 0, Transaparency: 0
Trace|Writing image...
Trace|Resource 30 offset is 163866...
Debug|Encoding resource 30...
Trace|Writing image in Raw mode
Trace|No Transparency image...
Trace|Writing image header...
Trace|Width: 12, Height: 12, RowLength: 24
Trace|BPP: 16, PaletteColors: 0, Transaparency: 0
Trace|Writing image...
Trace|Resource 31 offset is 164170...
Debug|Encoding resource 31...
Trace|Writing image in Raw mode
Trace|No Transparency image...
Trace|Writing image header...
Trace|Width: 12, Height: 12, RowLength: 24
Trace|BPP: 16, PaletteColors: 0, Transaparency: 0
Trace|Writing image...
Trace|Resource 32 offset is 164474...
Debug|Encoding resource 32...
Trace|Writing image in Raw mode
Trace|Transparency image...
Trace|Writing image header...
Trace|Width: 8, Height: 12, RowLength: 24
Trace|BPP: 24, PaletteColors: 0, Transaparency: 0
Trace|Resource 33 offset is 164778...
Debug|Encoding resource 33...
Trace|Writing image in Raw mode
Trace|Transparency image...
Trace|Writing image header...
Trace|Width: 8, Height: 12, RowLength: 24
Trace|BPP: 24, PaletteColors: 0, Transaparency: 0
Trace|Resource 34 offset is 165082...
Debug|Encoding resource 34...
Trace|Writing image in Raw mode
Trace|Transparency image...
Trace|Writing image header...
Trace|Width: 8, Height: 12, RowLength: 24
Trace|BPP: 24, PaletteColors: 0, Transaparency: 0
Trace|Resource 35 offset is 165386...
Debug|Encoding resource 35...
Trace|Writing image in Raw mode
Trace|Transparency image...
Trace|Writing image header...
Trace|Width: 8, Height: 12, RowLength: 24
Trace|BPP: 24, PaletteColors: 0, Transaparency: 0
Trace|Resource 36 offset is 165690...
Debug|Encoding resource 36...
Trace|Writing image in Raw mode
Trace|Transparency image...
Trace|Writing image header...
Trace|Width: 8, Height: 12, RowLength: 24
Trace|BPP: 24, PaletteColors: 0, Transaparency: 0
Trace|Resource 37 offset is 165994...
Debug|Encoding resource 37...
Trace|Writing image in Raw mode
Trace|Transparency image...
Trace|Writing image header...
Trace|Width: 8, Height: 12, RowLength: 24
Trace|BPP: 24, PaletteColors: 0, Transaparency: 0
Trace|Resource 38 offset is 166298...
Debug|Encoding resource 38...
Trace|Writing image in Raw mode
Trace|Transparency image...
Trace|Writing image header...
Trace|Width: 8, Height: 12, RowLength: 24
Trace|BPP: 24, PaletteColors: 0, Transaparency: 0
Trace|Resource 39 offset is 166602...
Debug|Encoding resource 39...
Trace|Writing image in Raw mode
Trace|Transparency image...
Trace|Writing image header...
Trace|Width: 8, Height: 12, RowLength: 24
Trace|BPP: 24, PaletteColors: 0, Transaparency: 0
Trace|Resource 40 offset is 166906...
Debug|Encoding resource 40...
Trace|Writing image in Raw mode
Trace|Transparency image...
Trace|Writing image header...
Trace|Width: 8, Height: 12, RowLength: 24
Trace|BPP: 24, PaletteColors: 0, Transaparency: 0
Trace|Resource 41 offset is 167210...
Debug|Encoding resource 41...
Trace|Writing image in Raw mode
Trace|Transparency image...
Trace|Writing image header...
Trace|Width: 8, Height: 12, RowLength: 24
Trace|BPP: 24, PaletteColors: 0, Transaparency: 0
Trace|Resource 42 offset is 167514...
Debug|Encoding resource 42...
Trace|Writing image in Raw mode
Trace|Transparency image...
Trace|Writing image header...
Trace|Width: 8, Height: 12, RowLength: 24
Trace|BPP: 24, PaletteColors: 0, Transaparency: 0
Trace|Resource 43 offset is 167818...
Debug|Encoding resource 43...
Trace|Writing image in Raw mode
Trace|Transparency image...
Trace|Writing image header...
Trace|Width: 16, Height: 20, RowLength: 48
Trace|BPP: 24, PaletteColors: 0, Transaparency: 0
Trace|Resource 44 offset is 168794...
Debug|Encoding resource 44...
Trace|Writing image in Raw mode
Trace|Transparency image...
Trace|Writing image header...
Trace|Width: 24, Height: 16, RowLength: 72
Trace|BPP: 24, PaletteColors: 0, Transaparency: 0
Trace|Resource 45 offset is 169962...
Debug|Encoding resource 45...
Trace|Writing image in Raw mode
Trace|Transparency image...
Trace|Writing image header...
Trace|Width: 24, Height: 16, RowLength: 72
Trace|BPP: 24, PaletteColors: 0, Transaparency: 0
Trace|Resource 46 offset is 171130...
Debug|Encoding resource 46...
Trace|Writing image in Raw mode
Trace|Transparency image...
Trace|Writing image header...
Trace|Width: 24, Height: 16, RowLength: 72
Trace|BPP: 24, PaletteColors: 0, Transaparency: 0
Trace|Resource 47 offset is 172298...
Debug|Encoding resource 47...
Trace|Writing image in Raw mode
Trace|Transparency image...
Trace|Writing image header...
Trace|Width: 24, Height: 16, RowLength: 72
Trace|BPP: 24, PaletteColors: 0, Transaparency: 0
Trace|Resource 48 offset is 173466...
Debug|Encoding resource 48...
Trace|Writing image in Raw mode
Trace|Transparency image...
Trace|Writing image header...
Trace|Width: 24, Height: 16, RowLength: 72
Trace|BPP: 24, PaletteColors: 0, Transaparency: 0
Trace|Resource 49 offset is 174634...
Debug|Encoding resource 49...
Trace|Writing image in Raw mode
Trace|Transparency image...
Trace|Writing image header...
Trace|Width: 24, Height: 16, RowLength: 72
Trace|BPP: 24, PaletteColors: 0, Transaparency: 0
Trace|Resource 50 offset is 175802...
Debug|Encoding resource 50...
Trace|Writing image in Raw mode
Trace|Transparency image...
Trace|Writing image header...
Trace|Width: 24, Height: 16, RowLength: 72
Trace|BPP: 24, PaletteColors: 0, Transaparency: 0
Trace|Resource 51 offset is 176970...
Debug|Encoding resource 51...
Trace|Writing image in Raw mode
Trace|Transparency image...
Trace|Writing image header...
Trace|Width: 24, Height: 16, RowLength: 72
Trace|BPP: 24, PaletteColors: 0, Transaparency: 0
Trace|Resource 52 offset is 178138...
Debug|Encoding resource 52...
Trace|Writing image in Raw mode
Trace|Transparency image...
Trace|Writing image header...
Trace|Width: 24, Height: 16, RowLength: 72
Trace|BPP: 24, PaletteColors: 0, Transaparency: 0
Trace|Resource 53 offset is 179306...
Debug|Encoding resource 53...
Trace|Writing image in Raw mode
Trace|Transparency image...
Trace|Writing image header...
Trace|Width: 24, Height: 16, RowLength: 72
Trace|BPP: 24, PaletteColors: 0, Transaparency: 0
Trace|Resource 54 offset is 180474...
Debug|Encoding resource 54...
Trace|Writing image in Raw mode
Trace|Transparency image...
Trace|Writing image header...
Trace|Width: 24, Height: 16, RowLength: 72
Trace|BPP: 24, PaletteColors: 0, Transaparency: 0
Trace|Resource 55 offset is 181642...
Debug|Encoding resource 55...
Trace|Writing image in Raw mode
Trace|Transparency image...
Trace|Writing image header...
Trace|Width: 24, Height: 16, RowLength: 72
Trace|BPP: 24, PaletteColors: 0, Transaparency: 0
Trace|Resource 56 offset is 182810...
Debug|Encoding resource 56...
Trace|Writing image in Raw mode
Trace|Transparency image...
Trace|Writing image header...
Trace|Width: 24, Height: 16, RowLength: 72
Trace|BPP: 24, PaletteColors: 0, Transaparency: 0
Trace|Resource 57 offset is 183978...
Debug|Encoding resource 57...
Trace|Writing image in Raw mode
Trace|Transparency image...
Trace|Writing image header...
Trace|Width: 24, Height: 16, RowLength: 72
Trace|BPP: 24, PaletteColors: 0, Transaparency: 0
Trace|Resource 58 offset is 185146...
Debug|Encoding resource 58...
Trace|Writing image in Raw mode
Trace|Transparency image...
Trace|Writing image header...
Trace|Width: 24, Height: 16, RowLength: 72
Trace|BPP: 24, PaletteColors: 0, Transaparency: 0
Trace|Resource 59 offset is 186314...
Debug|Encoding resource 59...
Trace|Writing image in Raw mode
Trace|Transparency image...
Trace|Writing image header...
Trace|Width: 24, Height: 16, RowLength: 72
Trace|BPP: 24, PaletteColors: 0, Transaparency: 0
Trace|Resource 60 offset is 187482...
Debug|Encoding resource 60...
Trace|Writing image in Raw mode
Trace|Transparency image...
Trace|Writing image header...
Trace|Width: 24, Height: 16, RowLength: 72
Trace|BPP: 24, PaletteColors: 0, Transaparency: 0
Trace|Resource 61 offset is 188650...
Debug|Encoding resource 61...
Trace|Writing image in Raw mode
Trace|Transparency image...
Trace|Writing image header...
Trace|Width: 24, Height: 16, RowLength: 72
Trace|BPP: 24, PaletteColors: 0, Transaparency: 0
Trace|Resource 62 offset is 189818...
Debug|Encoding resource 62...
Trace|Writing image in Raw mode
Trace|Transparency image...
Trace|Writing image header...
Trace|Width: 24, Height: 16, RowLength: 72
Trace|BPP: 24, PaletteColors: 0, Transaparency: 0
Trace|Resource 63 offset is 190986...
Debug|Encoding resource 63...
Trace|Writing image in Raw mode
Trace|Transparency image...
Trace|Writing image header...
Trace|Width: 24, Height: 16, RowLength: 72
Trace|BPP: 24, PaletteColors: 0, Transaparency: 0
Trace|Resource 64 offset is 192154...
Debug|Encoding resource 64...
Trace|Writing image in Raw mode
Trace|Transparency image...
Trace|Writing image header...
Trace|Width: 24, Height: 16, RowLength: 72
Trace|BPP: 24, PaletteColors: 0, Transaparency: 0
Trace|Resource 65 offset is 193322...
Debug|Encoding resource 65...
Trace|Writing image in Raw mode
Trace|Transparency image...
Trace|Writing image header...
Trace|Width: 24, Height: 16, RowLength: 72
Trace|BPP: 24, PaletteColors: 0, Transaparency: 0
Trace|Resource 66 offset is 194490...
Debug|Encoding resource 66...
Trace|Writing image in Raw mode
Trace|Transparency image...
Trace|Writing image header...
Trace|Width: 24, Height: 16, RowLength: 72
Trace|BPP: 24, PaletteColors: 0, Transaparency: 0
Trace|Resource 67 offset is 195658...
Debug|Encoding resource 67...
Trace|Writing image in Raw mode
Trace|Transparency image...
Trace|Writing image header...
Trace|Width: 24, Height: 16, RowLength: 72
Trace|BPP: 24, PaletteColors: 0, Transaparency: 0
Trace|Writing resources offsets table
Debug|Writing resources
